<?xml version="1.0" encoding="UTF-8"?>
<!-- Generated by org.testng.reporters.JUnitReportReporter -->
<testsuite hostname="CHETAN" name="com.crm.tests.HomePageTest" tests="8" failures="0" timestamp="15 Sep 2018 08:18:14 GMT" time="230.090" errors="0">
  <testcase name="verifyContactsLinkTest" time="31.999" classname="com.crm.tests.HomePageTest"/>
  <testcase name="validateDealSubmenuOption" time="25.593" classname="com.crm.tests.HomePageTest"/>
  <testcase name="validateNewContactLinktest" time="28.724" classname="com.crm.tests.HomePageTest"/>
  <testcase name="verifyHomePageTitleTest" time="28.070" classname="com.crm.tests.HomePageTest"/>
  <testcase name="validateTaskSubmenuOption" time="27.031" classname="com.crm.tests.HomePageTest"/>
  <testcase name="validateTasks" time="31.105" classname="com.crm.tests.HomePageTest"/>
  <testcase name="validateDeals" time="31.866" classname="com.crm.tests.HomePageTest"/>
  <testcase name="validateContactSubmenuOption" time="25.702" classname="com.crm.tests.HomePageTest"/>
</testsuite> <!-- com.crm.tests.HomePageTest -->
