<?xml version="1.0" encoding="UTF-8"?>
<!-- Generated by org.testng.reporters.JUnitReportReporter -->
<testsuite hostname="CHETAN" name="com.crm.tests.LoginPageTest" tests="3" failures="0" timestamp="15 Sep 2018 07:24:00 GMT" time="70.177" errors="0">
  <testcase name="crmLogoImageTest" time="16.741" classname="com.crm.tests.LoginPageTest"/>
  <testcase name="loginTest" time="29.729" classname="com.crm.tests.LoginPageTest"/>
  <testcase name="loginPageTitleTest" time="23.707" classname="com.crm.tests.LoginPageTest"/>
</testsuite> <!-- com.crm.tests.LoginPageTest -->
