<?xml version="1.0" encoding="UTF-8"?>
<!-- Generated by org.testng.reporters.JUnitReportReporter -->
<testsuite hostname="CHETAN" name="com.crm.tests.HomePageTest" tests="1" failures="0" timestamp="28 Jul 2018 04:13:04 GMT" time="34.983" errors="0">
  <testcase name="validateNewContactLinktest" time="34.983" classname="com.crm.tests.HomePageTest"/>
</testsuite> <!-- com.crm.tests.HomePageTest -->
