<?xml version="1.0" encoding="UTF-8"?>
<!-- Generated by org.testng.reporters.JUnitReportReporter -->
<testsuite skipped="0" hostname="CHETAN" name="com.crm.tests.ContactsPageTest" tests="1" failures="0" timestamp="29 Sep 2018 11:35:17 GMT" time="81.429" errors="0">
  <testcase name="addNewContact" time="81.429" classname="com.crm.tests.ContactsPageTest"/>
</testsuite> <!-- com.crm.tests.ContactsPageTest -->
