<?xml version="1.0" encoding="UTF-8"?>
<!-- Generated by org.testng.reporters.JUnitReportReporter -->
<testsuite hostname="CHETAN" name="com.crm.tests.LoginPageTest" tests="3" failures="0" timestamp="24 Jul 2018 17:38:10 GMT" time="59.102" errors="0">
  <testcase name="crmLogoImageTest" time="20.828" classname="com.crm.tests.LoginPageTest"/>
  <testcase name="loginPageTitleTest" time="13.627" classname="com.crm.tests.LoginPageTest"/>
  <testcase name="loginTest" time="24.647" classname="com.crm.tests.LoginPageTest"/>
</testsuite> <!-- com.crm.tests.LoginPageTest -->
