<?xml version="1.0" encoding="UTF-8"?>
<!-- Generated by org.testng.reporters.JUnitReportReporter -->
<testsuite skipped="0" hostname="CHETAN" name="com.crm.base.MakeMyTrip" tests="1" failures="0" timestamp="21 Dec 2018 17:07:32 GMT" time="52.188" errors="0">
  <testcase name="TripDetails" time="52.188" classname="com.crm.base.MakeMyTrip"/>
</testsuite> <!-- com.crm.base.MakeMyTrip -->
