<?xml version="1.0" encoding="UTF-8"?>
<!-- Generated by org.testng.reporters.JUnitReportReporter -->
<testsuite hostname="CHETAN" name="com.crm.tests.CompanyLookUpPageTest" tests="1" failures="0" timestamp="15 Sep 2018 09:35:56 GMT" time="53.304" errors="0">
  <testcase name="validateSearch" time="53.304" classname="com.crm.tests.CompanyLookUpPageTest"/>
</testsuite> <!-- com.crm.tests.CompanyLookUpPageTest -->
