<?xml version="1.0" encoding="UTF-8"?>
<!-- Generated by org.testng.reporters.JUnitReportReporter -->
<testsuite hostname="CHETAN" name="com.crm.tests.IndexpageTest" tests="3" failures="0" timestamp="4 Jul 2018 18:14:31 GMT" time="48.436" errors="0">
  <testcase name="crmLogoImageTest" time="15.437" classname="com.crm.tests.IndexpageTest"/>
  <testcase name="loginPageTitleTest" time="12.675" classname="com.crm.tests.IndexpageTest"/>
  <testcase name="loginTest" time="20.324" classname="com.crm.tests.IndexpageTest"/>
</testsuite> <!-- com.crm.tests.IndexpageTest -->
