<?xml version="1.0" encoding="UTF-8"?>
<!-- Generated by org.testng.reporters.JUnitReportReporter -->
<testsuite hostname="CHETAN" name="com.crm.tests.NewContactsPageTest" tests="8" failures="0" timestamp="15 Sep 2018 08:36:57 GMT" time="316.334" errors="0">
  <testcase name="addNumNewContact" time="40.545" classname="com.crm.tests.NewContactsPageTest"/>
  <testcase name="addNumNewContact" time="38.622" classname="com.crm.tests.NewContactsPageTest"/>
  <testcase name="addNumNewContact" time="45.426" classname="com.crm.tests.NewContactsPageTest"/>
  <testcase name="addNumNewContact" time="44.796" classname="com.crm.tests.NewContactsPageTest"/>
  <testcase name="addNumNewContact" time="40.334" classname="com.crm.tests.NewContactsPageTest"/>
  <testcase name="addNumNewContact" time="39.532" classname="com.crm.tests.NewContactsPageTest"/>
  <testcase name="addNumNewContact" time="33.601" classname="com.crm.tests.NewContactsPageTest"/>
  <testcase name="validateCompanyLookUp" time="33.478" classname="com.crm.tests.NewContactsPageTest"/>
</testsuite> <!-- com.crm.tests.NewContactsPageTest -->
