<?xml version="1.0" encoding="UTF-8"?>
<!-- Generated by org.testng.reporters.JUnitReportReporter -->
<testsuite hostname="CHETAN" name="com.crm.tests.CompanyLookUpPageTest" tests="1" failures="0" timestamp="28 Aug 2018 16:55:32 GMT" time="101.788" errors="0">
  <testcase name="validateSearch" time="101.788" classname="com.crm.tests.CompanyLookUpPageTest"/>
</testsuite> <!-- com.crm.tests.CompanyLookUpPageTest -->
