<?xml version="1.0" encoding="UTF-8"?>
<!-- Generated by org.testng.reporters.JUnitReportReporter -->
<testsuite hostname="CHETAN" name="com.crm.tests.LoginPageTest" tests="3" failures="0" timestamp="25 Jul 2018 16:52:26 GMT" time="51.594" errors="0">
  <testcase name="loginTest" time="25.484" classname="com.crm.tests.LoginPageTest"/>
  <testcase name="crmLogoImageTest" time="13.195" classname="com.crm.tests.LoginPageTest"/>
  <testcase name="loginPageTitleTest" time="12.915" classname="com.crm.tests.LoginPageTest"/>
</testsuite> <!-- com.crm.tests.LoginPageTest -->
