<?xml version="1.0" encoding="UTF-8"?>
<!-- Generated by org.testng.reporters.JUnitReportReporter -->
<testsuite skipped="0" hostname="CHETAN" name="com.crm.tests.HomePageTest" tests="8" failures="0" timestamp="2018-09-16T22:35:05 IST" time="440.008" errors="0">
  <testcase name="verifyContactsLinkTest" time="60.572" classname="com.crm.tests.HomePageTest"/>
  <testcase name="verifyHomePageTitleTest" time="43.651" classname="com.crm.tests.HomePageTest"/>
  <testcase name="validateNewContactLinktest" time="50.623" classname="com.crm.tests.HomePageTest"/>
  <testcase name="validateDeals" time="58.465" classname="com.crm.tests.HomePageTest"/>
  <testcase name="validateTasks" time="44.946" classname="com.crm.tests.HomePageTest"/>
  <testcase name="validateContactSubmenuOption" time="55.832" classname="com.crm.tests.HomePageTest"/>
  <testcase name="validateDealSubmenuOption" time="85.009" classname="com.crm.tests.HomePageTest"/>
  <testcase name="validateTaskSubmenuOption" time="40.910" classname="com.crm.tests.HomePageTest"/>
</testsuite> <!-- com.crm.tests.HomePageTest -->
