<?xml version="1.0" encoding="UTF-8"?>
<!-- Generated by org.testng.reporters.JUnitReportReporter -->
<testsuite hostname="CHETAN" name="com.crm.tests.HomePageTest" tests="6" failures="0" timestamp="25 Jul 2018 16:52:26 GMT" time="274.127" errors="0">
  <testcase name="verifyHomePageTitleTest" time="66.723" classname="com.crm.tests.HomePageTest"/>
  <testcase name="validateDeals" time="45.462" classname="com.crm.tests.HomePageTest"/>
  <testcase name="validateNewContactLinktest" time="39.828" classname="com.crm.tests.HomePageTest"/>
  <testcase name="verifyContactsLinkTest" time="39.184" classname="com.crm.tests.HomePageTest"/>
  <testcase name="validateContactSubmenuOption" time="47.257" classname="com.crm.tests.HomePageTest"/>
  <testcase name="validateTasks" time="35.673" classname="com.crm.tests.HomePageTest"/>
</testsuite> <!-- com.crm.tests.HomePageTest -->
